# JRE version: OpenJDK Runtime Environment (8.0_292-b10) (build 1.8.0_292-8u292-b10-0ubuntu1-b10)
# Java VM: OpenJDK 64-Bit Server VM (25.292-b10 mixed mode linux-amd64 compressed oops)
Heap:
 PSYoungGen      total 116736K, used 57852K [0x00000000f5580000, 0x0000000100000000, 0x0000000100000000)
  eden space 58880K, 0% used [0x00000000f5580000,0x00000000f5580000,0x00000000f8f00000)
  from space 57856K, 99% used [0x00000000f8f00000,0x00000000fc77f088,0x00000000fc780000)
  to   space 57856K, 0% used [0x00000000fc780000,0x00000000fc780000,0x0000000100000000)
 ParOldGen       total 238080K, used 133671K [0x00000000e0000000, 0x00000000ee880000, 0x00000000f5580000)
  object space 238080K, 56% used [0x00000000e0000000,0x00000000e8289c68,0x00000000ee880000)
 Metaspace       used 92534K, capacity 98440K, committed 98496K, reserved 1134592K
  class space    used 12779K, capacity 13952K, committed 13952K, reserved 1048576K
GC Heap History (10 events):
Event: 90.543 GC heap after
Heap after GC invocations=24 (full 3):
 PSYoungGen      total 120320K, used 44778K [0x00000000f5580000, 0x0000000100000000, 0x0000000100000000)
  eden space 75264K, 0% used [0x00000000f5580000,0x00000000f5580000,0x00000000f9f00000)
  from space 45056K, 99% used [0x00000000f9f00000,0x00000000fcaba970,0x00000000fcb00000)
  to   space 54272K, 0% used [0x00000000fcb00000,0x00000000fcb00000,0x0000000100000000)
 ParOldGen       total 238080K, used 77920K [0x00000000e0000000, 0x00000000ee880000, 0x00000000f5580000)
  object space 238080K, 32% used [0x00000000e0000000,0x00000000e4c183a0,0x00000000ee880000)
 Metaspace       used 85107K, capacity 90169K, committed 90200K, reserved 1126400K
  class space    used 11605K, capacity 12667K, committed 12672K, reserved 1048576K
}
Event: 91.763 GC heap before
{Heap before GC invocations=25 (full 3):
 PSYoungGen      total 120320K, used 120042K [0x00000000f5580000, 0x0000000100000000, 0x0000000100000000)
  eden space 75264K, 100% used [0x00000000f5580000,0x00000000f9f00000,0x00000000f9f00000)
  from space 45056K, 99% used [0x00000000f9f00000,0x00000000fcaba970,0x00000000fcb00000)
  to   space 54272K, 0% used [0x00000000fcb00000,0x00000000fcb00000,0x0000000100000000)
 ParOldGen       total 238080K, used 77920K [0x00000000e0000000, 0x00000000ee880000, 0x00000000f5580000)
  object space 238080K, 32% used [0x00000000e0000000,0x00000000e4c183a0,0x00000000ee880000)
 Metaspace       used 87096K, capacity 92249K, committed 92376K, reserved 1128448K
  class space    used 11976K, capacity 13031K, committed 13056K, reserved 1048576K
Event: 91.853 GC heap after
Heap after GC invocations=25 (full 3):
 PSYoungGen      total 113152K, used 54270K [0x00000000f5580000, 0x0000000100000000, 0x0000000100000000)
  eden space 58880K, 0% used [0x00000000f5580000,0x00000000f5580000,0x00000000f8f00000)
  from space 54272K, 99% used [0x00000000fcb00000,0x00000000fffffbf0,0x0000000100000000)
  to   space 57856K, 0% used [0x00000000f8f00000,0x00000000f8f00000,0x00000000fc780000)
 ParOldGen       total 238080K, used 96966K [0x00000000e0000000, 0x00000000ee880000, 0x00000000f5580000)
  object space 238080K, 40% used [0x00000000e0000000,0x00000000e5eb1a20,0x00000000ee880000)
 Metaspace       used 87096K, capacity 92249K, committed 92376K, reserved 1128448K
  class space    used 11976K, capacity 13031K, committed 13056K, reserved 1048576K
}
Event: 92.842 GC heap before
{Heap before GC invocations=26 (full 3):
 PSYoungGen      total 113152K, used 113150K [0x00000000f5580000, 0x0000000100000000, 0x0000000100000000)
  eden space 58880K, 100% used [0x00000000f5580000,0x00000000f8f00000,0x00000000f8f00000)
  from space 54272K, 99% used [0x00000000fcb00000,0x00000000fffffbf0,0x0000000100000000)
  to   space 57856K, 0% used [0x00000000f8f00000,0x00000000f8f00000,0x00000000fc780000)
 ParOldGen       total 238080K, used 96966K [0x00000000e0000000, 0x00000000ee880000, 0x00000000f5580000)
  object space 238080K, 40% used [0x00000000e0000000,0x00000000e5eb1a20,0x00000000ee880000)
 Metaspace       used 89027K, capacity 94429K, committed 94552K, reserved 1130496K
  class space    used 12269K, capacity 13407K, committed 13440K, reserved 1048576K
Event: 92.906 GC heap after
Heap after GC invocations=26 (full 3):
 PSYoungGen      total 116736K, used 57830K [0x00000000f5580000, 0x0000000100000000, 0x0000000100000000)
  eden space 58880K, 0% used [0x00000000f5580000,0x00000000f5580000,0x00000000f8f00000)
  from space 57856K, 99% used [0x00000000f8f00000,0x00000000fc7798c8,0x00000000fc780000)
  to   space 57856K, 0% used [0x00000000fc780000,0x00000000fc780000,0x0000000100000000)
 ParOldGen       total 238080K, used 109822K [0x00000000e0000000, 0x00000000ee880000, 0x00000000f5580000)
  object space 238080K, 46% used [0x00000000e0000000,0x00000000e6b3fab0,0x00000000ee880000)
 Metaspace       used 89027K, capacity 94429K, committed 94552K, reserved 1130496K
  class space    used 12269K, capacity 13407K, committed 13440K, reserved 1048576K
}
Event: 93.619 GC heap before
{Heap before GC invocations=27 (full 3):
 PSYoungGen      total 116736K, used 116695K [0x00000000f5580000, 0x0000000100000000, 0x0000000100000000)
  eden space 58880K, 99% used [0x00000000f5580000,0x00000000f8efc730,0x00000000f8f00000)
  from space 57856K, 99% used [0x00000000f8f00000,0x00000000fc7798c8,0x00000000fc780000)
  to   space 57856K, 0% used [0x00000000fc780000,0x00000000fc780000,0x0000000100000000)
 ParOldGen       total 238080K, used 109822K [0x00000000e0000000, 0x00000000ee880000, 0x00000000f5580000)
  object space 238080K, 46% used [0x00000000e0000000,0x00000000e6b3fab0,0x00000000ee880000)
 Metaspace       used 89667K, capacity 95221K, committed 95448K, reserved 1130496K
  class space    used 12349K, capacity 13481K, committed 13568K, reserved 1048576K
Event: 93.691 GC heap after
Heap after GC invocations=27 (full 3):
 PSYoungGen      total 116736K, used 55995K [0x00000000f5580000, 0x0000000100000000, 0x0000000100000000)
  eden space 58880K, 0% used [0x00000000f5580000,0x00000000f5580000,0x00000000f8f00000)
  from space 57856K, 96% used [0x00000000fc780000,0x00000000ffe2eff0,0x0000000100000000)
  to   space 57856K, 0% used [0x00000000f8f00000,0x00000000f8f00000,0x00000000fc780000)
 ParOldGen       total 238080K, used 119573K [0x00000000e0000000, 0x00000000ee880000, 0x00000000f5580000)
  object space 238080K, 50% used [0x00000000e0000000,0x00000000e74c5440,0x00000000ee880000)
 Metaspace       used 89667K, capacity 95221K, committed 95448K, reserved 1130496K
  class space    used 12349K, capacity 13481K, committed 13568K, reserved 1048576K
}
Event: 94.422 GC heap before
{Heap before GC invocations=28 (full 3):
 PSYoungGen      total 116736K, used 110030K [0x00000000f5580000, 0x0000000100000000, 0x0000000100000000)
  eden space 58880K, 91% used [0x00000000f5580000,0x00000000f8a449f8,0x00000000f8f00000)
  from space 57856K, 96% used [0x00000000fc780000,0x00000000ffe2eff0,0x0000000100000000)
  to   space 57856K, 0% used [0x00000000f8f00000,0x00000000f8f00000,0x00000000fc780000)
 ParOldGen       total 238080K, used 119573K [0x00000000e0000000, 0x00000000ee880000, 0x00000000f5580000)
  object space 238080K, 50% used [0x00000000e0000000,0x00000000e74c5440,0x00000000ee880000)
 Metaspace       used 92534K, capacity 98440K, committed 98496K, reserved 1134592K
  class space    used 12779K, capacity 13952K, committed 13952K, reserved 1048576K
Event: 94.502 GC heap after
Heap after GC invocations=28 (full 3):
 PSYoungGen      total 116736K, used 57852K [0x00000000f5580000, 0x0000000100000000, 0x0000000100000000)
  eden space 58880K, 0% used [0x00000000f5580000,0x00000000f5580000,0x00000000f8f00000)
  from space 57856K, 99% used [0x00000000f8f00000,0x00000000fc77f088,0x00000000fc780000)
  to   space 57856K, 0% used [0x00000000fc780000,0x00000000fc780000,0x0000000100000000)
 ParOldGen       total 238080K, used 133671K [0x00000000e0000000, 0x00000000ee880000, 0x00000000f5580000)
  object space 238080K, 56% used [0x00000000e0000000,0x00000000e8289c68,0x00000000ee880000)
 Metaspace       used 92534K, capacity 98440K, committed 98496K, reserved 1134592K
  class space    used 12779K, capacity 13952K, committed 13952K, reserved 1048576K
}
Event: 94.502 GC heap before
{Heap before GC invocations=29 (full 4):
 PSYoungGen      total 116736K, used 57852K [0x00000000f5580000, 0x0000000100000000, 0x0000000100000000)
  eden space 58880K, 0% used [0x00000000f5580000,0x00000000f5580000,0x00000000f8f00000)
  from space 57856K, 99% used [0x00000000f8f00000,0x00000000fc77f088,0x00000000fc780000)
  to   space 57856K, 0% used [0x00000000fc780000,0x00000000fc780000,0x0000000100000000)
 ParOldGen       total 238080K, used 133671K [0x00000000e0000000, 0x00000000ee880000, 0x00000000f5580000)
  object space 238080K, 56% used [0x00000000e0000000,0x00000000e8289c68,0x00000000ee880000)
 Metaspace       used 92534K, capacity 98440K, committed 98496K, reserved 1134592K
  class space    used 12779K, capacity 13952K, committed 13952K, reserved 1048576K

