# JRE version: OpenJDK Runtime Environment (11.0.8) (build 11.0.8+0-b944-P17168821)
# Java VM: OpenJDK 64-Bit Server VM (11.0.8+0-b944-6842174, mixed mode, tiered, compressed oops, g1 gc, linux-amd64)
Heap:
 garbage-first heap   total 262144K, used 211885K [0x00000000e0000000, 0x0000000100000000)
  region size 1024K, 105 young (107520K), 10 survivors (10240K)
 Metaspace       used 99106K, capacity 103210K, committed 103428K, reserved 344064K
  class space    used 12449K, capacity 13809K, committed 13928K, reserved 253952K
GC Heap History (20 events):
Event: 71.178 GC heap after
{Heap after GC invocations=22 (full 0):
 garbage-first heap   total 262144K, used 116292K [0x00000000e0000000, 0x0000000100000000)
  region size 1024K, 17 young (17408K), 17 survivors (17408K)
 Metaspace       used 81979K, capacity 84681K, committed 84868K, reserved 327680K
  class space    used 10252K, capacity 11143K, committed 11240K, reserved 253952K
}
Event: 71.431 GC heap before
{Heap before GC invocations=22 (full 0):
 garbage-first heap   total 262144K, used 199236K [0x00000000e0000000, 0x0000000100000000)
  region size 1024K, 98 young (100352K), 17 survivors (17408K)
 Metaspace       used 81984K, capacity 84681K, committed 84868K, reserved 327680K
  class space    used 10252K, capacity 11143K, committed 11240K, reserved 253952K
}
Event: 71.444 GC heap after
{Heap after GC invocations=23 (full 0):
 garbage-first heap   total 262144K, used 131072K [0x00000000e0000000, 0x0000000100000000)
  region size 1024K, 13 young (13312K), 13 survivors (13312K)
 Metaspace       used 81984K, capacity 84681K, committed 84868K, reserved 327680K
  class space    used 10252K, capacity 11143K, committed 11240K, reserved 253952K
}
Event: 71.699 GC heap before
{Heap before GC invocations=23 (full 0):
 garbage-first heap   total 262144K, used 196608K [0x00000000e0000000, 0x0000000100000000)
  region size 1024K, 77 young (78848K), 13 survivors (13312K)
 Metaspace       used 81986K, capacity 84681K, committed 84868K, reserved 327680K
  class space    used 10252K, capacity 11143K, committed 11240K, reserved 253952K
}
Event: 71.702 GC heap after
{Heap after GC invocations=24 (full 0):
 garbage-first heap   total 262144K, used 122880K [0x00000000e0000000, 0x0000000100000000)
  region size 1024K, 3 young (3072K), 3 survivors (3072K)
 Metaspace       used 81986K, capacity 84681K, committed 84868K, reserved 327680K
  class space    used 10252K, capacity 11143K, committed 11240K, reserved 253952K
}
Event: 71.950 GC heap before
{Heap before GC invocations=24 (full 0):
 garbage-first heap   total 262144K, used 199680K [0x00000000e0000000, 0x0000000100000000)
  region size 1024K, 78 young (79872K), 3 survivors (3072K)
 Metaspace       used 81987K, capacity 84681K, committed 84868K, reserved 327680K
  class space    used 10252K, capacity 11143K, committed 11240K, reserved 253952K
}
Event: 71.955 GC heap after
{Heap after GC invocations=25 (full 0):
 garbage-first heap   total 262144K, used 127190K [0x00000000e0000000, 0x0000000100000000)
  region size 1024K, 8 young (8192K), 8 survivors (8192K)
 Metaspace       used 81987K, capacity 84681K, committed 84868K, reserved 327680K
  class space    used 10252K, capacity 11143K, committed 11240K, reserved 253952K
}
Event: 72.228 GC heap before
{Heap before GC invocations=26 (full 0):
 garbage-first heap   total 262144K, used 171222K [0x00000000e0000000, 0x0000000100000000)
  region size 1024K, 82 young (83968K), 8 survivors (8192K)
 Metaspace       used 81661K, capacity 84091K, committed 84868K, reserved 327680K
  class space    used 10166K, capacity 10965K, committed 11240K, reserved 253952K
}
Event: 72.230 GC heap after
{Heap after GC invocations=27 (full 0):
 garbage-first heap   total 262144K, used 89090K [0x00000000e0000000, 0x0000000100000000)
  region size 1024K, 1 young (1024K), 1 survivors (1024K)
 Metaspace       used 81661K, capacity 84091K, committed 84868K, reserved 327680K
  class space    used 10166K, capacity 10965K, committed 11240K, reserved 253952K
}
Event: 72.259 GC heap before
{Heap before GC invocations=27 (full 0):
 garbage-first heap   total 262144K, used 100354K [0x00000000e0000000, 0x0000000100000000)
  region size 1024K, 12 young (12288K), 1 survivors (1024K)
 Metaspace       used 81661K, capacity 84091K, committed 84868K, reserved 327680K
  class space    used 10166K, capacity 10965K, committed 11240K, reserved 253952K
}
Event: 72.261 GC heap after
{Heap after GC invocations=28 (full 0):
 garbage-first heap   total 262144K, used 89385K [0x00000000e0000000, 0x0000000100000000)
  region size 1024K, 2 young (2048K), 2 survivors (2048K)
 Metaspace       used 81661K, capacity 84091K, committed 84868K, reserved 327680K
  class space    used 10166K, capacity 10965K, committed 11240K, reserved 253952K
}
Event: 76.488 GC heap before
{Heap before GC invocations=28 (full 0):
 garbage-first heap   total 262144K, used 203049K [0x00000000e0000000, 0x0000000100000000)
  region size 1024K, 112 young (114688K), 2 survivors (2048K)
 Metaspace       used 85746K, capacity 89513K, committed 89732K, reserved 331776K
  class space    used 10776K, capacity 11977K, committed 12008K, reserved 253952K
}
Event: 76.510 GC heap after
{Heap after GC invocations=29 (full 0):
 garbage-first heap   total 262144K, used 101476K [0x00000000e0000000, 0x0000000100000000)
  region size 1024K, 12 young (12288K), 12 survivors (12288K)
 Metaspace       used 85746K, capacity 89513K, committed 89732K, reserved 331776K
  class space    used 10776K, capacity 11977K, committed 12008K, reserved 253952K
}
Event: 116.677 GC heap before
{Heap before GC invocations=29 (full 0):
 garbage-first heap   total 262144K, used 202852K [0x00000000e0000000, 0x0000000100000000)
  region size 1024K, 111 young (113664K), 12 survivors (12288K)
 Metaspace       used 86061K, capacity 89777K, committed 89988K, reserved 333824K
  class space    used 10781K, capacity 11977K, committed 12008K, reserved 253952K
}
Event: 116.728 GC heap after
{Heap after GC invocations=30 (full 0):
 garbage-first heap   total 262144K, used 102843K [0x00000000e0000000, 0x0000000100000000)
  region size 1024K, 2 young (2048K), 2 survivors (2048K)
 Metaspace       used 86061K, capacity 89777K, committed 89988K, reserved 333824K
  class space    used 10781K, capacity 11977K, committed 12008K, reserved 253952K
}
Event: 126.579 GC heap before
{Heap before GC invocations=30 (full 0):
 garbage-first heap   total 262144K, used 206267K [0x00000000e0000000, 0x0000000100000000)
  region size 1024K, 103 young (105472K), 2 survivors (2048K)
 Metaspace       used 91545K, capacity 95275K, committed 95492K, reserved 337920K
  class space    used 11541K, capacity 12780K, committed 12904K, reserved 253952K
}
Event: 126.601 GC heap after
{Heap after GC invocations=31 (full 0):
 garbage-first heap   total 262144K, used 108829K [0x00000000e0000000, 0x0000000100000000)
  region size 1024K, 8 young (8192K), 8 survivors (8192K)
 Metaspace       used 91545K, capacity 95275K, committed 95492K, reserved 337920K
  class space    used 11541K, capacity 12780K, committed 12904K, reserved 253952K
}
Event: 149.637 GC heap before
{Heap before GC invocations=31 (full 0):
 garbage-first heap   total 262144K, used 209181K [0x00000000e0000000, 0x0000000100000000)
  region size 1024K, 106 young (108544K), 8 survivors (8192K)
 Metaspace       used 94759K, capacity 98577K, committed 98948K, reserved 339968K
  class space    used 11935K, capacity 13219K, committed 13288K, reserved 253952K
}
Event: 149.657 GC heap after
{Heap after GC invocations=32 (full 0):
 garbage-first heap   total 262144K, used 114605K [0x00000000e0000000, 0x0000000100000000)
  region size 1024K, 13 young (13312K), 13 survivors (13312K)
 Metaspace       used 94759K, capacity 98577K, committed 98948K, reserved 339968K
  class space    used 11935K, capacity 13219K, committed 13288K, reserved 253952K
}
Event: 168.387 GC heap before
{Heap before GC invocations=32 (full 0):
 garbage-first heap   total 262144K, used 211885K [0x00000000e0000000, 0x0000000100000000)
  region size 1024K, 108 young (110592K), 13 survivors (13312K)
 Metaspace       used 99106K, capacity 103210K, committed 103428K, reserved 344064K
  class space    used 12449K, capacity 13809K, committed 13928K, reserved 253952K
}

