# JRE version: OpenJDK Runtime Environment (11.0.8) (build 11.0.8+0-b944-P17168821)
# Java VM: OpenJDK 64-Bit Server VM (11.0.8+0-b944-6842174, mixed mode, tiered, compressed oops, g1 gc, linux-amd64)
Heap:
 garbage-first heap   total 262144K, used 170993K [0x00000000e0000000, 0x0000000100000000)
  region size 1024K, 57 young (58368K), 13 survivors (13312K)
 Metaspace       used 96828K, capacity 100232K, committed 100300K, reserved 342016K
  class space    used 12292K, capacity 13505K, committed 13516K, reserved 253952K
GC Heap History (20 events):
Event: 10.544 GC heap before
{Heap before GC invocations=9 (full 0):
 garbage-first heap   total 262144K, used 107312K [0x00000000e0000000, 0x0000000100000000)
  region size 1024K, 89 young (91136K), 8 survivors (8192K)
 Metaspace       used 42017K, capacity 42997K, committed 43264K, reserved 292864K
  class space    used 5393K, capacity 5785K, committed 5888K, reserved 253952K
}
Event: 10.578 GC heap after
{Heap after GC invocations=10 (full 0):
 garbage-first heap   total 262144K, used 27165K [0x00000000e0000000, 0x0000000100000000)
  region size 1024K, 12 young (12288K), 12 survivors (12288K)
 Metaspace       used 42017K, capacity 42997K, committed 43264K, reserved 292864K
  class space    used 5393K, capacity 5785K, committed 5888K, reserved 253952K
}
Event: 16.762 GC heap before
{Heap before GC invocations=10 (full 0):
 garbage-first heap   total 262144K, used 138781K [0x00000000e0000000, 0x0000000100000000)
  region size 1024K, 118 young (120832K), 12 survivors (12288K)
 Metaspace       used 49929K, capacity 51243K, committed 51456K, reserved 299008K
  class space    used 6382K, capacity 6902K, committed 6912K, reserved 253952K
}
Event: 16.790 GC heap after
{Heap after GC invocations=11 (full 0):
 garbage-first heap   total 262144K, used 38226K [0x00000000e0000000, 0x0000000100000000)
  region size 1024K, 14 young (14336K), 14 survivors (14336K)
 Metaspace       used 49929K, capacity 51243K, committed 51456K, reserved 299008K
  class space    used 6382K, capacity 6902K, committed 6912K, reserved 253952K
}
Event: 20.633 GC heap before
{Heap before GC invocations=11 (full 0):
 garbage-first heap   total 262144K, used 107858K [0x00000000e0000000, 0x0000000100000000)
  region size 1024K, 82 young (83968K), 14 survivors (14336K)
 Metaspace       used 58558K, capacity 60005K, committed 60160K, reserved 307200K
  class space    used 7442K, capacity 8039K, committed 8064K, reserved 253952K
}
Event: 20.667 GC heap after
{Heap after GC invocations=12 (full 0):
 garbage-first heap   total 262144K, used 42920K [0x00000000e0000000, 0x0000000100000000)
  region size 1024K, 13 young (13312K), 13 survivors (13312K)
 Metaspace       used 58558K, capacity 60005K, committed 60160K, reserved 307200K
  class space    used 7442K, capacity 8039K, committed 8064K, reserved 253952K
}
Event: 32.747 GC heap before
{Heap before GC invocations=13 (full 0):
 garbage-first heap   total 262144K, used 181160K [0x00000000e0000000, 0x0000000100000000)
  region size 1024K, 148 young (151552K), 13 survivors (13312K)
 Metaspace       used 68103K, capacity 69958K, committed 70220K, reserved 315392K
  class space    used 8849K, capacity 9546K, committed 9548K, reserved 253952K
}
Event: 32.800 GC heap after
{Heap after GC invocations=14 (full 0):
 garbage-first heap   total 262144K, used 56850K [0x00000000e0000000, 0x0000000100000000)
  region size 1024K, 18 young (18432K), 18 survivors (18432K)
 Metaspace       used 68103K, capacity 69958K, committed 70220K, reserved 315392K
  class space    used 8849K, capacity 9546K, committed 9548K, reserved 253952K
}
Event: 43.229 GC heap before
{Heap before GC invocations=15 (full 0):
 garbage-first heap   total 262144K, used 189970K [0x00000000e0000000, 0x0000000100000000)
  region size 1024K, 147 young (150528K), 18 survivors (18432K)
 Metaspace       used 75227K, capacity 78008K, committed 78284K, reserved 321536K
  class space    used 9859K, capacity 10868K, committed 10956K, reserved 253952K
}
Event: 43.361 GC heap after
{Heap after GC invocations=16 (full 0):
 garbage-first heap   total 262144K, used 76270K [0x00000000e0000000, 0x0000000100000000)
  region size 1024K, 18 young (18432K), 18 survivors (18432K)
 Metaspace       used 75227K, capacity 78008K, committed 78284K, reserved 321536K
  class space    used 9859K, capacity 10868K, committed 10956K, reserved 253952K
}
Event: 50.686 GC heap before
{Heap before GC invocations=16 (full 0):
 garbage-first heap   total 262144K, used 194030K [0x00000000e0000000, 0x0000000100000000)
  region size 1024K, 134 young (137216K), 18 survivors (18432K)
 Metaspace       used 79583K, capacity 82596K, committed 82764K, reserved 325632K
  class space    used 10418K, capacity 11482K, committed 11596K, reserved 253952K
}
Event: 50.794 GC heap after
{Heap after GC invocations=17 (full 0):
 garbage-first heap   total 262144K, used 86528K [0x00000000e0000000, 0x0000000100000000)
  region size 1024K, 10 young (10240K), 10 survivors (10240K)
 Metaspace       used 79583K, capacity 82596K, committed 82764K, reserved 325632K
  class space    used 10418K, capacity 11482K, committed 11596K, reserved 253952K
}
Event: 62.346 GC heap before
{Heap before GC invocations=17 (full 0):
 garbage-first heap   total 262144K, used 198144K [0x00000000e0000000, 0x0000000100000000)
  region size 1024K, 120 young (122880K), 10 survivors (10240K)
 Metaspace       used 84817K, capacity 87970K, committed 88268K, reserved 331776K
  class space    used 11025K, capacity 12170K, committed 12236K, reserved 253952K
}
Event: 62.400 GC heap after
{Heap after GC invocations=18 (full 0):
 garbage-first heap   total 262144K, used 93696K [0x00000000e0000000, 0x0000000100000000)
  region size 1024K, 7 young (7168K), 7 survivors (7168K)
 Metaspace       used 84817K, capacity 87970K, committed 88268K, reserved 331776K
  class space    used 11025K, capacity 12170K, committed 12236K, reserved 253952K
}
Event: 92.125 GC heap before
{Heap before GC invocations=18 (full 0):
 garbage-first heap   total 262144K, used 203264K [0x00000000e0000000, 0x0000000100000000)
  region size 1024K, 115 young (117760K), 7 survivors (7168K)
 Metaspace       used 86595K, capacity 89747K, committed 89932K, reserved 331776K
  class space    used 11177K, capacity 12310K, committed 12364K, reserved 253952K
}
Event: 92.216 GC heap after
{Heap after GC invocations=19 (full 0):
 garbage-first heap   total 262144K, used 105984K [0x00000000e0000000, 0x0000000100000000)
  region size 1024K, 15 young (15360K), 15 survivors (15360K)
 Metaspace       used 86595K, capacity 89747K, committed 89932K, reserved 331776K
  class space    used 11177K, capacity 12310K, committed 12364K, reserved 253952K
}
Event: 111.910 GC heap before
{Heap before GC invocations=19 (full 0):
 garbage-first heap   total 262144K, used 206336K [0x00000000e0000000, 0x0000000100000000)
  region size 1024K, 112 young (114688K), 15 survivors (15360K)
 Metaspace       used 93819K, capacity 97112K, committed 97356K, reserved 337920K
  class space    used 12087K, capacity 13272K, committed 13388K, reserved 253952K
}
Event: 111.999 GC heap after
{Heap after GC invocations=20 (full 0):
 garbage-first heap   total 262144K, used 113162K [0x00000000e0000000, 0x0000000100000000)
  region size 1024K, 8 young (8192K), 8 survivors (8192K)
 Metaspace       used 93819K, capacity 97112K, committed 97356K, reserved 337920K
  class space    used 12087K, capacity 13272K, committed 13388K, reserved 253952K
}
Event: 121.730 GC heap before
{Heap before GC invocations=20 (full 0):
 garbage-first heap   total 262144K, used 211466K [0x00000000e0000000, 0x0000000100000000)
  region size 1024K, 101 young (103424K), 8 survivors (8192K)
 Metaspace       used 96278K, capacity 99688K, committed 99788K, reserved 342016K
  class space    used 12283K, capacity 13498K, committed 13516K, reserved 253952K
}
Event: 121.836 GC heap after
{Heap after GC invocations=21 (full 0):
 garbage-first heap   total 262144K, used 125937K [0x00000000e0000000, 0x0000000100000000)
  region size 1024K, 13 young (13312K), 13 survivors (13312K)
 Metaspace       used 96278K, capacity 99688K, committed 99788K, reserved 342016K
  class space    used 12283K, capacity 13498K, committed 13516K, reserved 253952K
}

