# JRE version: OpenJDK Runtime Environment (11.0.8) (build 11.0.8+0-b944-P17168821)
# Java VM: OpenJDK 64-Bit Server VM (11.0.8+0-b944-6842174, mixed mode, tiered, compressed oops, g1 gc, linux-amd64)
Heap:
 garbage-first heap   total 331776K, used 205349K [0x00000000e0000000, 0x0000000100000000)
  region size 1024K, 47 young (48128K), 10 survivors (10240K)
 Metaspace       used 129637K, capacity 134646K, committed 134792K, reserved 372736K
  class space    used 15807K, capacity 17505K, committed 17536K, reserved 253952K
GC Heap History (20 events):
Event: 184.794 GC heap before
{Heap before GC invocations=50 (full 0):
 garbage-first heap   total 331776K, used 266358K [0x00000000e0000000, 0x0000000100000000)
  region size 1024K, 123 young (125952K), 6 survivors (6144K)
 Metaspace       used 118579K, capacity 123292K, committed 123656K, reserved 362496K
  class space    used 14655K, capacity 16279K, committed 16384K, reserved 253952K
}
Event: 184.824 GC heap after
{Heap after GC invocations=51 (full 0):
 garbage-first heap   total 331776K, used 153748K [0x00000000e0000000, 0x0000000100000000)
  region size 1024K, 13 young (13312K), 13 survivors (13312K)
 Metaspace       used 118579K, capacity 123292K, committed 123656K, reserved 362496K
  class space    used 14655K, capacity 16279K, committed 16384K, reserved 253952K
}
Event: 188.391 GC heap before
{Heap before GC invocations=51 (full 0):
 garbage-first heap   total 331776K, used 271508K [0x00000000e0000000, 0x0000000100000000)
  region size 1024K, 127 young (130048K), 13 survivors (13312K)
 Metaspace       used 126942K, capacity 131788K, committed 131848K, reserved 368640K
  class space    used 15697K, capacity 17403K, committed 17408K, reserved 253952K
}
Event: 188.407 GC heap after
{Heap after GC invocations=52 (full 0):
 garbage-first heap   total 331776K, used 149405K [0x00000000e0000000, 0x0000000100000000)
  region size 1024K, 5 young (5120K), 5 survivors (5120K)
 Metaspace       used 126942K, capacity 131788K, committed 131848K, reserved 368640K
  class space    used 15697K, capacity 17403K, committed 17408K, reserved 253952K
}
Event: 189.847 GC heap before
{Heap before GC invocations=52 (full 0):
 garbage-first heap   total 331776K, used 269213K [0x00000000e0000000, 0x0000000100000000)
  region size 1024K, 123 young (125952K), 5 survivors (5120K)
 Metaspace       used 127211K, capacity 132032K, committed 132232K, reserved 370688K
  class space    used 15729K, capacity 17452K, committed 17536K, reserved 253952K
}
Event: 189.888 GC heap after
{Heap after GC invocations=53 (full 0):
 garbage-first heap   total 331776K, used 150030K [0x00000000e0000000, 0x0000000100000000)
  region size 1024K, 8 young (8192K), 8 survivors (8192K)
 Metaspace       used 127211K, capacity 132032K, committed 132232K, reserved 370688K
  class space    used 15729K, capacity 17452K, committed 17536K, reserved 253952K
}
Event: 192.771 GC heap before
{Heap before GC invocations=53 (full 0):
 garbage-first heap   total 331776K, used 270862K [0x00000000e0000000, 0x0000000100000000)
  region size 1024K, 127 young (130048K), 8 survivors (8192K)
 Metaspace       used 127525K, capacity 132420K, committed 132744K, reserved 370688K
  class space    used 15747K, capacity 17464K, committed 17536K, reserved 253952K
}
Event: 192.808 GC heap after
{Heap after GC invocations=54 (full 0):
 garbage-first heap   total 331776K, used 149405K [0x00000000e0000000, 0x0000000100000000)
  region size 1024K, 7 young (7168K), 7 survivors (7168K)
 Metaspace       used 127525K, capacity 132420K, committed 132744K, reserved 370688K
  class space    used 15747K, capacity 17464K, committed 17536K, reserved 253952K
}
Event: 194.831 GC heap before
{Heap before GC invocations=54 (full 0):
 garbage-first heap   total 331776K, used 277405K [0x00000000e0000000, 0x0000000100000000)
  region size 1024K, 129 young (132096K), 7 survivors (7168K)
 Metaspace       used 128263K, capacity 133135K, committed 133256K, reserved 370688K
  class space    used 15779K, capacity 17487K, committed 17536K, reserved 253952K
}
Event: 194.892 GC heap after
{Heap after GC invocations=55 (full 0):
 garbage-first heap   total 331776K, used 159588K [0x00000000e0000000, 0x0000000100000000)
  region size 1024K, 13 young (13312K), 13 survivors (13312K)
 Metaspace       used 128263K, capacity 133135K, committed 133256K, reserved 370688K
  class space    used 15779K, capacity 17487K, committed 17536K, reserved 253952K
}
Event: 196.814 GC heap before
{Heap before GC invocations=55 (full 0):
 garbage-first heap   total 331776K, used 279396K [0x00000000e0000000, 0x0000000100000000)
  region size 1024K, 129 young (132096K), 13 survivors (13312K)
 Metaspace       used 128845K, capacity 133818K, committed 134024K, reserved 370688K
  class space    used 15786K, capacity 17496K, committed 17536K, reserved 253952K
}
Event: 196.852 GC heap after
{Heap after GC invocations=56 (full 0):
 garbage-first heap   total 331776K, used 158885K [0x00000000e0000000, 0x0000000100000000)
  region size 1024K, 8 young (8192K), 8 survivors (8192K)
 Metaspace       used 128845K, capacity 133818K, committed 134024K, reserved 370688K
  class space    used 15786K, capacity 17496K, committed 17536K, reserved 253952K
}
Event: 197.051 GC heap before
{Heap before GC invocations=56 (full 0):
 garbage-first heap   total 331776K, used 181413K [0x00000000e0000000, 0x0000000100000000)
  region size 1024K, 31 young (31744K), 8 survivors (8192K)
 Metaspace       used 128902K, capacity 133819K, committed 134024K, reserved 370688K
  class space    used 15786K, capacity 17496K, committed 17536K, reserved 253952K
}
Event: 197.084 GC heap after
{Heap after GC invocations=57 (full 0):
 garbage-first heap   total 331776K, used 153620K [0x00000000e0000000, 0x0000000100000000)
  region size 1024K, 7 young (7168K), 7 survivors (7168K)
 Metaspace       used 128902K, capacity 133819K, committed 134024K, reserved 370688K
  class space    used 15786K, capacity 17496K, committed 17536K, reserved 253952K
}
Event: 199.555 GC heap before
{Heap before GC invocations=58 (full 0):
 garbage-first heap   total 331776K, used 280596K [0x00000000e0000000, 0x0000000100000000)
  region size 1024K, 130 young (133120K), 7 survivors (7168K)
 Metaspace       used 129313K, capacity 134207K, committed 134536K, reserved 372736K
  class space    used 15785K, capacity 17493K, committed 17536K, reserved 253952K
}
Event: 199.630 GC heap after
{Heap after GC invocations=59 (full 0):
 garbage-first heap   total 331776K, used 157948K [0x00000000e0000000, 0x0000000100000000)
  region size 1024K, 9 young (9216K), 9 survivors (9216K)
 Metaspace       used 129313K, capacity 134207K, committed 134536K, reserved 372736K
  class space    used 15785K, capacity 17493K, committed 17536K, reserved 253952K
}
Event: 199.824 GC heap before
{Heap before GC invocations=59 (full 0):
 garbage-first heap   total 331776K, used 166140K [0x00000000e0000000, 0x0000000100000000)
  region size 1024K, 16 young (16384K), 9 survivors (9216K)
 Metaspace       used 129345K, capacity 134271K, committed 134536K, reserved 372736K
  class space    used 15785K, capacity 17493K, committed 17536K, reserved 253952K
}
Event: 199.884 GC heap after
{Heap after GC invocations=60 (full 0):
 garbage-first heap   total 331776K, used 155138K [0x00000000e0000000, 0x0000000100000000)
  region size 1024K, 2 young (2048K), 2 survivors (2048K)
 Metaspace       used 129345K, capacity 134271K, committed 134536K, reserved 372736K
  class space    used 15785K, capacity 17493K, committed 17536K, reserved 253952K
}
Event: 200.857 GC heap before
{Heap before GC invocations=60 (full 0):
 garbage-first heap   total 331776K, used 206338K [0x00000000e0000000, 0x0000000100000000)
  region size 1024K, 54 young (55296K), 2 survivors (2048K)
 Metaspace       used 129611K, capacity 134630K, committed 134792K, reserved 372736K
  class space    used 15805K, capacity 17502K, committed 17536K, reserved 253952K
}
Event: 200.921 GC heap after
{Heap after GC invocations=61 (full 0):
 garbage-first heap   total 331776K, used 162341K [0x00000000e0000000, 0x0000000100000000)
  region size 1024K, 10 young (10240K), 10 survivors (10240K)
 Metaspace       used 129611K, capacity 134630K, committed 134792K, reserved 372736K
  class space    used 15805K, capacity 17502K, committed 17536K, reserved 253952K
}

